SIZEMULT:F|0.125
SIZEMULT:D|0.25
SIZEMULT:T|0.5
SIZEMULT:S|0.75
SIZEMULT:L|2
SIZEMULT:H|4
SIZEMULT:G|8
SIZEMULT:C|16
LOAD:0|0
LOAD:1|15
LOAD:2|30
LOAD:3|45
LOAD:4|60
LOAD:5|75
LOAD:6|90
LOAD:7|105
LOAD:8|120
LOAD:9|135
LOAD:10|150
LOAD:11|165
LOAD:12|180
LOAD:13|195
LOAD:14|210
LOAD:15|225
LOAD:16|240
LOAD:17|255
LOAD:18|270
LOAD:19|285
LOAD:20|300
LOAD:21|315
LOAD:22|330
LOADMULT:4
ENCUMBRANCE:Light|1/3||0
ENCUMBRANCE:Medium|2/3||-3
ENCUMBRANCE:Heavy|1||-6
ENCUMBRANCE:OverHead|1||-6
ENCUMBRANCE:OffGround|2||-6
ENCUMBRANCE:PushDrag|5||-6
